<!DOCTYPE html PUBLIC "-//W3C//DTD XHTML 1.1//EN" "http://www.w3.org/TR/xhtml11/DTD/xhtml11.dtd">
<html xmlns="http://www.w3.org/1999/xhtml">
<head>
<meta http-equiv="content-type" content="text/html; charset=UTF-8"/>
<title>TestNG Report</title>
<style type="text/css">table {margin-bottom:10px;border-collapse:collapse;empty-cells:show}th,td {border:1px solid #009;padding:.25em .5em}th {vertical-align:bottom}td {vertical-align:top}table a {font-weight:bold}.stripe td {background-color: #E6EBF9}.num {text-align:right}.passedodd td {background-color: #3F3}.passedeven td {background-color: #0A0}.skippedodd td {background-color: #DDD}.skippedeven td {background-color: #CCC}.failedodd td,.attn {background-color: #F33}.failedeven td,.stripe .attn {background-color: #D00}.stacktrace {white-space:pre;font-family:monospace}.totop {font-size:85%;text-align:center;border-bottom:2px solid #000}.invisible {display:none}</style>
</head>
<body>
<table>
<tr><th>Test</th><th># Passed</th><th># Skipped</th><th># Failed</th><th>Time (ms)</th><th>Included Groups</th><th>Excluded Groups</th></tr>
<tr><th colspan="7">BankUsers</th></tr>
<tr><td><a href="#t0">Test</a></td><td class="num">3</td><td class="num">0</td><td class="num attn">5</td><td class="num">53,523</td><td></td><td></td></tr>
</table>
<table id='summary'><thead><tr><th>Class</th><th>Method</th><th>Start</th><th>Time (ms)</th></tr></thead><tbody><tr><th colspan="4">BankUsers</th></tr></tbody><tbody id="t0"><tr><th colspan="4">Test &#8212; failed</th></tr><tr class="failedeven"><td rowspan="1">com.bankusers.testcases.TC001_LoginTest</td><td><a href="#m0">LoginTest</a></td><td rowspan="1">1638411016594</td><td rowspan="1">852</td></tr><tr class="failedodd"><td rowspan="4">com.bankusers.testcases.TC002_LoginDDTTest</td><td><a href="#m1">loginDDT</a></td><td rowspan="4">1638411028972</td><td rowspan="4">4160</td></tr><tr class="failedodd"><td><a href="#m2">loginDDT</a></td></tr><tr class="failedodd"><td><a href="#m3">loginDDT</a></td></tr><tr class="failedodd"><td><a href="#m4">loginDDT</a></td></tr><tr><th colspan="4">Test &#8212; passed</th></tr><tr class="passedeven"><td rowspan="2">com.bankusers.testcases.TC002_LoginDDTTest</td><td><a href="#m5">loginDDT</a></td><td rowspan="2">1638411044814</td><td rowspan="2">7323</td></tr><tr class="passedeven"><td><a href="#m6">loginDDT</a></td></tr><tr class="passedodd"><td rowspan="1">com.bankusers.testcases.TC003_AddCustomerTest</td><td><a href="#m7">addNewCustomer</a></td><td rowspan="1">1638411053999</td><td rowspan="1">12744</td></tr></tbody>
</table>
<h2>Test</h2><h3 id="m0">com.bankusers.testcases.TC001_LoginTest#LoginTest</h3><table class="result"><tr><th>Exception</th></tr><tr><td><div class="stacktrace">java.lang.AssertionError: expected [true] but found [false]
	at com.bankusers.testcases.TC001_LoginTest.LoginTest(TC001_LoginTest.java:40)
... Removed 29 stack frames</div></td></tr></table><p class="totop"><a href="#summary">back to summary</a></p>
<h3 id="m1">com.bankusers.testcases.TC002_LoginDDTTest#loginDDT</h3><table class="result"><tr class="param"><th>Parameter #1</th><th>Parameter #2</th></tr><tr class="param stripe"><td>mngrinvalid</td><td>invalid955</td></tr><tr><th colspan="2">Exception</th></tr><tr><td colspan="2"><div class="stacktrace">java.lang.AssertionError: expected [true] but found [false]
	at com.bankusers.testcases.TC002_LoginDDTTest.loginDDT(TC002_LoginDDTTest.java:33)
... Removed 29 stack frames</div></td></tr></table><p class="totop"><a href="#summary">back to summary</a></p>
<h3 id="m2">com.bankusers.testcases.TC002_LoginDDTTest#loginDDT</h3><table class="result"><tr class="param"><th>Parameter #1</th><th>Parameter #2</th></tr><tr class="param stripe"><td>mngr369021</td><td>invalid</td></tr><tr><th colspan="2">Exception</th></tr><tr><td colspan="2"><div class="stacktrace">java.lang.AssertionError: expected [true] but found [false]
	at com.bankusers.testcases.TC002_LoginDDTTest.loginDDT(TC002_LoginDDTTest.java:33)
... Removed 29 stack frames</div></td></tr></table><p class="totop"><a href="#summary">back to summary</a></p>
<h3 id="m3">com.bankusers.testcases.TC002_LoginDDTTest#loginDDT</h3><table class="result"><tr class="param"><th>Parameter #1</th><th>Parameter #2</th></tr><tr class="param stripe"><td>mngrinvalid</td><td>invalid394</td></tr><tr><th colspan="2">Exception</th></tr><tr><td colspan="2"><div class="stacktrace">java.lang.AssertionError: expected [true] but found [false]
	at com.bankusers.testcases.TC002_LoginDDTTest.loginDDT(TC002_LoginDDTTest.java:33)
... Removed 29 stack frames</div></td></tr></table><p class="totop"><a href="#summary">back to summary</a></p>
<h3 id="m4">com.bankusers.testcases.TC002_LoginDDTTest#loginDDT</h3><table class="result"><tr class="param"><th>Parameter #1</th><th>Parameter #2</th></tr><tr class="param stripe"><td>mngrinvalid</td><td>invalid98kfe</td></tr><tr><th colspan="2">Exception</th></tr><tr><td colspan="2"><div class="stacktrace">java.lang.AssertionError: expected [true] but found [false]
	at com.bankusers.testcases.TC002_LoginDDTTest.loginDDT(TC002_LoginDDTTest.java:33)
... Removed 29 stack frames</div></td></tr></table><p class="totop"><a href="#summary">back to summary</a></p>
<h3 id="m5">com.bankusers.testcases.TC002_LoginDDTTest#loginDDT</h3><table class="result"><tr class="param"><th>Parameter #1</th><th>Parameter #2</th></tr><tr class="param stripe"><td>mngr369021</td><td>ujEsunE</td></tr></table><p class="totop"><a href="#summary">back to summary</a></p>
<h3 id="m6">com.bankusers.testcases.TC002_LoginDDTTest#loginDDT</h3><table class="result"><tr class="param"><th>Parameter #1</th><th>Parameter #2</th></tr><tr class="param stripe"><td>mngr369021</td><td>ujEsunE</td></tr></table><p class="totop"><a href="#summary">back to summary</a></p>
<h3 id="m7">com.bankusers.testcases.TC003_AddCustomerTest#addNewCustomer</h3><table class="result"><tr><th class="invisible"/></tr></table><p class="totop"><a href="#summary">back to summary</a></p>
</body>
</html>
